============================= test session starts ==============================
platform darwin -- Python 3.14.7, pytest-9.1.1, pluggy-1.6.0
rootdir: /private/tmp/specfact-477-pytest-release
configfile: pyproject.toml
plugins: mock-3.15.1, cov-7.1.0, asyncio-1.4.0, anyio-4.15.1
asyncio: mode=Mode.STRICT, debug=False, asyncio_default_fixture_loop_scope=None, asyncio_default_test_loop_scope=function
collected 35 items / 29 deselected / 6 selected

tests/unit/specfact_code_review/run/test_portable_pytest_evidence.py FFF [ 50%]
FFF                                                                      [100%]

=================================== FAILURES ===================================
________ test_malformed_observed_root_is_an_actionable_diagnostic[None] ________

tmp_path = PosixPath('/private/var/folders/ly/2wl4sfj179qfn8n46plbft6h0000gn/T/pytest-of-dom/pytest-561/test_malformed_observed_root_i0')
monkeypatch = <_pytest.monkeypatch.MonkeyPatch object at 0x108dcba80>
pytest_root = None

    @pytest.mark.parametrize("pytest_root", [None, "", 12, [], {}])
    def test_malformed_observed_root_is_an_actionable_diagnostic(tmp_path, monkeypatch, pytest_root):
        observation = _observation(_record("tests/test_app.py::test_pass"))
        observation["pytest_root"] = pytest_root
>       findings = _run(tmp_path, monkeypatch, observation)
                   ^^^^^^^^^^^^^^^^^^^^^^^^^^^^^^^^^^^^^^^^

/private/tmp/specfact-477-pytest-release/tests/unit/specfact_code_review/run/test_portable_pytest_evidence.py:225: 
_ _ _ _ _ _ _ _ _ _ _ _ _ _ _ _ _ _ _ _ _ _ _ _ _ _ _ _ _ _ _ _ _ _ _ _ _ _ _ _ 
/private/tmp/specfact-477-pytest-release/tests/unit/specfact_code_review/run/test_portable_pytest_evidence.py:50: in _run
    return portable_worker.run_portable_pytest(files, ("portable-pytest-v2", "{}"))
           ^^^^^^^^^^^^^^^^^^^^^^^^^^^^^^^^^^^^^^^^^^^^^^^^^^^^^^^^^^^^^^^^^^^^^^^^
/private/tmp/specfact-477-pytest-release/.venv/lib/python3.14/site-packages/icontract/_checkers.py:834: in wrapper
    result = func(*args, **kwargs)
             ^^^^^^^^^^^^^^^^^^^^^
/private/tmp/specfact-477-pytest-release/packages/specfact-code-review/src/specfact_code_review/run/portable_worker.py:229: in run_portable_pytest
    pytest_root = resolve_portable_pytest_root(observation)
                  ^^^^^^^^^^^^^^^^^^^^^^^^^^^^^^^^^^^^^^^^^
/private/tmp/specfact-477-pytest-release/.venv/lib/python3.14/site-packages/icontract/_checkers.py:834: in wrapper
    result = func(*args, **kwargs)
             ^^^^^^^^^^^^^^^^^^^^^
_ _ _ _ _ _ _ _ _ _ _ _ _ _ _ _ _ _ _ _ _ _ _ _ _ _ _ _ _ _ _ _ _ _ _ _ _ _ _ _ 

observation = {'exit_code': 0, 'collected': ['tests/test_app.py::test_pass'], 'records': [{'nodeid': 'tests/test_app.py::test_pass',...come': 'passed', 'wasxfail': ''}], 'coverage': {'files': {'src/app.py': {'summary': {'percent_covered': 100.0}}}}, ...}

    @ensure(lambda result: result.is_absolute() and result.is_relative_to(Path.cwd().resolve()))
    def resolve_portable_pytest_root(observation: dict[str, Any]) -> Path:
        """Resolve the native pytest root within the reviewed source snapshot."""
        snapshot = Path.cwd().resolve()
>       pytest_root = (snapshot / observation.get("pytest_root", ".")).resolve()
                       ^^^^^^^^^^^^^^^^^^^^^^^^^^^^^^^^^^^^^^^^^^^^^^
E       TypeError: unsupported operand type(s) for /: 'PosixPath' and 'NoneType'

/private/tmp/specfact-477-pytest-release/packages/specfact-code-review/src/specfact_code_review/run/runner.py:6143: TypeError
__________ test_malformed_observed_root_is_an_actionable_diagnostic[] __________

tmp_path = PosixPath('/private/var/folders/ly/2wl4sfj179qfn8n46plbft6h0000gn/T/pytest-of-dom/pytest-561/test_malformed_observed_root_i1')
monkeypatch = <_pytest.monkeypatch.MonkeyPatch object at 0x108dcbe10>
pytest_root = ''

    @pytest.mark.parametrize("pytest_root", [None, "", 12, [], {}])
    def test_malformed_observed_root_is_an_actionable_diagnostic(tmp_path, monkeypatch, pytest_root):
        observation = _observation(_record("tests/test_app.py::test_pass"))
        observation["pytest_root"] = pytest_root
        findings = _run(tmp_path, monkeypatch, observation)
>       assert len(findings) == 1
E       assert 0 == 1
E        +  where 0 = len([])

/private/tmp/specfact-477-pytest-release/tests/unit/specfact_code_review/run/test_portable_pytest_evidence.py:226: AssertionError
_________ test_malformed_observed_root_is_an_actionable_diagnostic[12] _________

tmp_path = PosixPath('/private/var/folders/ly/2wl4sfj179qfn8n46plbft6h0000gn/T/pytest-of-dom/pytest-561/test_malformed_observed_root_i2')
monkeypatch = <_pytest.monkeypatch.MonkeyPatch object at 0x108d8be30>
pytest_root = 12

    @pytest.mark.parametrize("pytest_root", [None, "", 12, [], {}])
    def test_malformed_observed_root_is_an_actionable_diagnostic(tmp_path, monkeypatch, pytest_root):
        observation = _observation(_record("tests/test_app.py::test_pass"))
        observation["pytest_root"] = pytest_root
>       findings = _run(tmp_path, monkeypatch, observation)
                   ^^^^^^^^^^^^^^^^^^^^^^^^^^^^^^^^^^^^^^^^

/private/tmp/specfact-477-pytest-release/tests/unit/specfact_code_review/run/test_portable_pytest_evidence.py:225: 
_ _ _ _ _ _ _ _ _ _ _ _ _ _ _ _ _ _ _ _ _ _ _ _ _ _ _ _ _ _ _ _ _ _ _ _ _ _ _ _ 
/private/tmp/specfact-477-pytest-release/tests/unit/specfact_code_review/run/test_portable_pytest_evidence.py:50: in _run
    return portable_worker.run_portable_pytest(files, ("portable-pytest-v2", "{}"))
           ^^^^^^^^^^^^^^^^^^^^^^^^^^^^^^^^^^^^^^^^^^^^^^^^^^^^^^^^^^^^^^^^^^^^^^^^
/private/tmp/specfact-477-pytest-release/.venv/lib/python3.14/site-packages/icontract/_checkers.py:834: in wrapper
    result = func(*args, **kwargs)
             ^^^^^^^^^^^^^^^^^^^^^
/private/tmp/specfact-477-pytest-release/packages/specfact-code-review/src/specfact_code_review/run/portable_worker.py:229: in run_portable_pytest
    pytest_root = resolve_portable_pytest_root(observation)
                  ^^^^^^^^^^^^^^^^^^^^^^^^^^^^^^^^^^^^^^^^^
/private/tmp/specfact-477-pytest-release/.venv/lib/python3.14/site-packages/icontract/_checkers.py:834: in wrapper
    result = func(*args, **kwargs)
             ^^^^^^^^^^^^^^^^^^^^^
_ _ _ _ _ _ _ _ _ _ _ _ _ _ _ _ _ _ _ _ _ _ _ _ _ _ _ _ _ _ _ _ _ _ _ _ _ _ _ _ 

observation = {'exit_code': 0, 'collected': ['tests/test_app.py::test_pass'], 'records': [{'nodeid': 'tests/test_app.py::test_pass',...come': 'passed', 'wasxfail': ''}], 'coverage': {'files': {'src/app.py': {'summary': {'percent_covered': 100.0}}}}, ...}

    @ensure(lambda result: result.is_absolute() and result.is_relative_to(Path.cwd().resolve()))
    def resolve_portable_pytest_root(observation: dict[str, Any]) -> Path:
        """Resolve the native pytest root within the reviewed source snapshot."""
        snapshot = Path.cwd().resolve()
>       pytest_root = (snapshot / observation.get("pytest_root", ".")).resolve()
                       ^^^^^^^^^^^^^^^^^^^^^^^^^^^^^^^^^^^^^^^^^^^^^^
E       TypeError: unsupported operand type(s) for /: 'PosixPath' and 'int'

/private/tmp/specfact-477-pytest-release/packages/specfact-code-review/src/specfact_code_review/run/runner.py:6143: TypeError
____ test_malformed_observed_root_is_an_actionable_diagnostic[pytest_root3] ____

tmp_path = PosixPath('/private/var/folders/ly/2wl4sfj179qfn8n46plbft6h0000gn/T/pytest-of-dom/pytest-561/test_malformed_observed_root_i3')
monkeypatch = <_pytest.monkeypatch.MonkeyPatch object at 0x108cbb240>
pytest_root = []

    @pytest.mark.parametrize("pytest_root", [None, "", 12, [], {}])
    def test_malformed_observed_root_is_an_actionable_diagnostic(tmp_path, monkeypatch, pytest_root):
        observation = _observation(_record("tests/test_app.py::test_pass"))
        observation["pytest_root"] = pytest_root
>       findings = _run(tmp_path, monkeypatch, observation)
                   ^^^^^^^^^^^^^^^^^^^^^^^^^^^^^^^^^^^^^^^^

/private/tmp/specfact-477-pytest-release/tests/unit/specfact_code_review/run/test_portable_pytest_evidence.py:225: 
_ _ _ _ _ _ _ _ _ _ _ _ _ _ _ _ _ _ _ _ _ _ _ _ _ _ _ _ _ _ _ _ _ _ _ _ _ _ _ _ 
/private/tmp/specfact-477-pytest-release/tests/unit/specfact_code_review/run/test_portable_pytest_evidence.py:50: in _run
    return portable_worker.run_portable_pytest(files, ("portable-pytest-v2", "{}"))
           ^^^^^^^^^^^^^^^^^^^^^^^^^^^^^^^^^^^^^^^^^^^^^^^^^^^^^^^^^^^^^^^^^^^^^^^^
/private/tmp/specfact-477-pytest-release/.venv/lib/python3.14/site-packages/icontract/_checkers.py:834: in wrapper
    result = func(*args, **kwargs)
             ^^^^^^^^^^^^^^^^^^^^^
/private/tmp/specfact-477-pytest-release/packages/specfact-code-review/src/specfact_code_review/run/portable_worker.py:229: in run_portable_pytest
    pytest_root = resolve_portable_pytest_root(observation)
                  ^^^^^^^^^^^^^^^^^^^^^^^^^^^^^^^^^^^^^^^^^
/private/tmp/specfact-477-pytest-release/.venv/lib/python3.14/site-packages/icontract/_checkers.py:834: in wrapper
    result = func(*args, **kwargs)
             ^^^^^^^^^^^^^^^^^^^^^
_ _ _ _ _ _ _ _ _ _ _ _ _ _ _ _ _ _ _ _ _ _ _ _ _ _ _ _ _ _ _ _ _ _ _ _ _ _ _ _ 

observation = {'exit_code': 0, 'collected': ['tests/test_app.py::test_pass'], 'records': [{'nodeid': 'tests/test_app.py::test_pass',...come': 'passed', 'wasxfail': ''}], 'coverage': {'files': {'src/app.py': {'summary': {'percent_covered': 100.0}}}}, ...}

    @ensure(lambda result: result.is_absolute() and result.is_relative_to(Path.cwd().resolve()))
    def resolve_portable_pytest_root(observation: dict[str, Any]) -> Path:
        """Resolve the native pytest root within the reviewed source snapshot."""
        snapshot = Path.cwd().resolve()
>       pytest_root = (snapshot / observation.get("pytest_root", ".")).resolve()
                       ^^^^^^^^^^^^^^^^^^^^^^^^^^^^^^^^^^^^^^^^^^^^^^
E       TypeError: unsupported operand type(s) for /: 'PosixPath' and 'list'

/private/tmp/specfact-477-pytest-release/packages/specfact-code-review/src/specfact_code_review/run/runner.py:6143: TypeError
____ test_malformed_observed_root_is_an_actionable_diagnostic[pytest_root4] ____

tmp_path = PosixPath('/private/var/folders/ly/2wl4sfj179qfn8n46plbft6h0000gn/T/pytest-of-dom/pytest-561/test_malformed_observed_root_i4')
monkeypatch = <_pytest.monkeypatch.MonkeyPatch object at 0x108cbb570>
pytest_root = {}

    @pytest.mark.parametrize("pytest_root", [None, "", 12, [], {}])
    def test_malformed_observed_root_is_an_actionable_diagnostic(tmp_path, monkeypatch, pytest_root):
        observation = _observation(_record("tests/test_app.py::test_pass"))
        observation["pytest_root"] = pytest_root
>       findings = _run(tmp_path, monkeypatch, observation)
                   ^^^^^^^^^^^^^^^^^^^^^^^^^^^^^^^^^^^^^^^^

/private/tmp/specfact-477-pytest-release/tests/unit/specfact_code_review/run/test_portable_pytest_evidence.py:225: 
_ _ _ _ _ _ _ _ _ _ _ _ _ _ _ _ _ _ _ _ _ _ _ _ _ _ _ _ _ _ _ _ _ _ _ _ _ _ _ _ 
/private/tmp/specfact-477-pytest-release/tests/unit/specfact_code_review/run/test_portable_pytest_evidence.py:50: in _run
    return portable_worker.run_portable_pytest(files, ("portable-pytest-v2", "{}"))
           ^^^^^^^^^^^^^^^^^^^^^^^^^^^^^^^^^^^^^^^^^^^^^^^^^^^^^^^^^^^^^^^^^^^^^^^^
/private/tmp/specfact-477-pytest-release/.venv/lib/python3.14/site-packages/icontract/_checkers.py:834: in wrapper
    result = func(*args, **kwargs)
             ^^^^^^^^^^^^^^^^^^^^^
/private/tmp/specfact-477-pytest-release/packages/specfact-code-review/src/specfact_code_review/run/portable_worker.py:229: in run_portable_pytest
    pytest_root = resolve_portable_pytest_root(observation)
                  ^^^^^^^^^^^^^^^^^^^^^^^^^^^^^^^^^^^^^^^^^
/private/tmp/specfact-477-pytest-release/.venv/lib/python3.14/site-packages/icontract/_checkers.py:834: in wrapper
    result = func(*args, **kwargs)
             ^^^^^^^^^^^^^^^^^^^^^
_ _ _ _ _ _ _ _ _ _ _ _ _ _ _ _ _ _ _ _ _ _ _ _ _ _ _ _ _ _ _ _ _ _ _ _ _ _ _ _ 

observation = {'exit_code': 0, 'collected': ['tests/test_app.py::test_pass'], 'records': [{'nodeid': 'tests/test_app.py::test_pass',...come': 'passed', 'wasxfail': ''}], 'coverage': {'files': {'src/app.py': {'summary': {'percent_covered': 100.0}}}}, ...}

    @ensure(lambda result: result.is_absolute() and result.is_relative_to(Path.cwd().resolve()))
    def resolve_portable_pytest_root(observation: dict[str, Any]) -> Path:
        """Resolve the native pytest root within the reviewed source snapshot."""
        snapshot = Path.cwd().resolve()
>       pytest_root = (snapshot / observation.get("pytest_root", ".")).resolve()
                       ^^^^^^^^^^^^^^^^^^^^^^^^^^^^^^^^^^^^^^^^^^^^^^
E       TypeError: unsupported operand type(s) for /: 'PosixPath' and 'dict'

/private/tmp/specfact-477-pytest-release/packages/specfact-code-review/src/specfact_code_review/run/runner.py:6143: TypeError
_____ test_native_usage_error_retains_capsule_member_and_target_execution ______

tmp_path = PosixPath('/private/var/folders/ly/2wl4sfj179qfn8n46plbft6h0000gn/T/pytest-of-dom/pytest-561/test_native_usage_error_retain0')
monkeypatch = <_pytest.monkeypatch.MonkeyPatch object at 0x108dab750>

    def test_native_usage_error_retains_capsule_member_and_target_execution(tmp_path, monkeypatch):
        (tmp_path / "pytest.ini").write_text("[pytest]\n")
        native_output = tmp_path / "native-observation.json"
        program = """
    import importlib.util, json, sys
    from pathlib import Path
    import pytest
    spec = importlib.util.spec_from_file_location('native_observer', sys.argv[1])
    module = importlib.util.module_from_spec(spec)
    spec.loader.exec_module(module)
    observer = module.Observer()
    code = pytest.main(['--specfact-controlled-invalid-option'], plugins=[observer])
    Path(sys.argv[2]).write_text(json.dumps({
        'exit_code': int(code), 'pytest_root': observer.pytest_root,
        'records': observer.records, 'collected': sorted(observer.collected),
        'coverage': {}, 'argv': ['--specfact-controlled-invalid-option'],
    }))
    raise SystemExit(int(code))
    """
        native = subprocess.run(
            [sys.executable, "-c", program, str(Path(target_pytest.__file__).resolve()), str(native_output)],
            cwd=tmp_path,
            env={**os.environ, "PYTEST_DISABLE_PLUGIN_AUTOLOAD": "1", "PYTEST_ADDOPTS": ""},
            capture_output=True,
            text=True,
            check=False,
            timeout=30,
        )
        assert native.returncode == 4, native.stdout + native.stderr
        observation = json.loads(native_output.read_text())
        assert observation["pytest_root"] is None
        assert observation["records"] == []
        assert "--specfact-controlled-invalid-option" in native.stderr
        result_path = tmp_path / "result.json"
        observed_path = tmp_path / "observation.json"
        files = [tmp_path / "src/app.py"]
        monkeypatch.setattr(
            runner,
            "_load_capsule_request",
            lambda _path: ("targeted-pytest-coverage", files, False, ("portable-pytest-v2", "{}"), False),
        )
        monkeypatch.setattr(
            runner,
            "_member_findings",
            lambda *_args, **_kwargs: _run(tmp_path, monkeypatch, observation),
        )
        redirects = {
            "/opt/specfact/tmp/pytest-observation.json": observed_path,
            "/opt/specfact/output/result.json": result_path,
        }
        monkeypatch.setattr(runner, "Path", Mock(wraps=Path, side_effect=lambda value: redirects.get(str(value), Path(value))))
        runner._capsule_process_request(tmp_path / "request.json")
        response = json.loads(result_path.read_text())
>       assert response["member"] == "targeted-pytest-coverage"
E       AssertionError: assert 'unknown' == 'targeted-pytest-coverage'
E         
E         - targeted-pytest-coverage
E         + unknown

/private/tmp/specfact-477-pytest-release/tests/unit/specfact_code_review/run/test_portable_pytest_evidence.py:284: AssertionError
=========================== short test summary info ============================
FAILED tests/unit/specfact_code_review/run/test_portable_pytest_evidence.py::test_malformed_observed_root_is_an_actionable_diagnostic[None]
FAILED tests/unit/specfact_code_review/run/test_portable_pytest_evidence.py::test_malformed_observed_root_is_an_actionable_diagnostic[]
FAILED tests/unit/specfact_code_review/run/test_portable_pytest_evidence.py::test_malformed_observed_root_is_an_actionable_diagnostic[12]
FAILED tests/unit/specfact_code_review/run/test_portable_pytest_evidence.py::test_malformed_observed_root_is_an_actionable_diagnostic[pytest_root3]
FAILED tests/unit/specfact_code_review/run/test_portable_pytest_evidence.py::test_malformed_observed_root_is_an_actionable_diagnostic[pytest_root4]
FAILED tests/unit/specfact_code_review/run/test_portable_pytest_evidence.py::test_native_usage_error_retains_capsule_member_and_target_execution
======================= 6 failed, 29 deselected in 1.52s =======================
